<?xml version="1.0" encoding="UTF-8"?>
<testsuite name="services.MoveRequestValidatorTest" tests="4" skipped="0" failures="0" errors="0" timestamp="2021-03-07T23:24:50" hostname="MSI" time="0.011">
  <properties/>
  <testcase name="GivenValidInputs_IsValidMove_ReturnsTrue()" classname="services.MoveRequestValidatorTest" time="0.008"/>
  <testcase name="GivenInvalidTileId_IsValidMove_ReturnsFalse()" classname="services.MoveRequestValidatorTest" time="0.0"/>
  <testcase name="GivenInvalidBoardId_IsValidMove_ReturnsFalse()" classname="services.MoveRequestValidatorTest" time="0.0"/>
  <testcase name="GivenInvalidInputs_IsValidMove_ReturnsFalse()" classname="services.MoveRequestValidatorTest" time="0.001"/>
  <system-out><![CDATA[]]></system-out>
  <system-err><![CDATA[]]></system-err>
</testsuite>
